2024-09-29 00:12:57,432 - INFO - KMeans model trained with inertia: 188.50278812923062
2024-09-29 00:12:58,124 - INFO - KMeans model trained with inertia: 188.50278812923062
2024-09-29 00:13:04,005 - INFO - KMeans model logged successfully in MLflow.
2024-09-29 00:13:04,012 - INFO - Starting the Flask application.
2024-09-29 00:13:04,019 - WARNING -  * Debugger is active!
2024-09-29 00:13:04,023 - INFO -  * Debugger PIN: 235-496-468
2024-09-29 00:13:04,553 - INFO - KMeans model logged successfully in MLflow.
2024-09-29 00:13:04,562 - INFO - Starting the Flask application.
2024-09-29 00:13:04,569 - WARNING -  * Debugger is active!
2024-09-29 00:13:04,575 - INFO -  * Debugger PIN: 235-496-468
2024-09-29 00:13:12,026 - INFO -  * Detected change in 'C:\\Users\\suraj\\AppData\\Local\\Programs\\Python\\Python312\\Lib\\site-packages\\flask\\__init__.py', reloading
2024-09-29 00:13:12,026 - INFO -  * Detected change in 'C:\\Users\\suraj\\AppData\\Local\\Programs\\Python\\Python312\\Lib\\site-packages\\flask\\__init__.py', reloading
2024-09-29 00:13:12,060 - INFO -  * Detected change in 'C:\\Users\\suraj\\AppData\\Local\\Programs\\Python\\Python312\\Lib\\site-packages\\flask\\sansio\\app.py', reloading
2024-09-29 00:13:12,060 - INFO -  * Detected change in 'C:\\Users\\suraj\\AppData\\Local\\Programs\\Python\\Python312\\Lib\\site-packages\\flask\\sansio\\app.py', reloading
2024-09-29 00:13:12,079 - INFO -  * Detected change in 'C:\\Users\\suraj\\AppData\\Local\\Programs\\Python\\Python312\\Lib\\site-packages\\flask\\sansio\\scaffold.py', reloading
2024-09-29 00:13:12,091 - INFO -  * Detected change in 'C:\\Users\\suraj\\AppData\\Local\\Programs\\Python\\Python312\\Lib\\site-packages\\flask\\globals.py', reloading
2024-09-29 00:13:12,092 - INFO -  * Detected change in 'C:\\Users\\suraj\\AppData\\Local\\Programs\\Python\\Python312\\Lib\\site-packages\\flask\\globals.py', reloading
2024-09-29 00:13:12,096 - INFO -  * Detected change in 'C:\\Users\\suraj\\AppData\\Local\\Programs\\Python\\Python312\\Lib\\site-packages\\flask\\wrappers.py', reloading
2024-09-29 00:13:12,101 - INFO -  * Detected change in 'C:\\Users\\suraj\\AppData\\Local\\Programs\\Python\\Python312\\Lib\\site-packages\\werkzeug\\wrappers\\__init__.py', reloading
2024-09-29 00:13:12,101 - INFO -  * Detected change in 'C:\\Users\\suraj\\AppData\\Local\\Programs\\Python\\Python312\\Lib\\site-packages\\werkzeug\\wrappers\\__init__.py', reloading
2024-09-29 00:13:12,102 - INFO -  * Detected change in 'C:\\Users\\suraj\\AppData\\Local\\Programs\\Python\\Python312\\Lib\\site-packages\\werkzeug\\wrappers\\request.py', reloading
2024-09-29 00:13:12,114 - INFO -  * Detected change in 'C:\\Users\\suraj\\AppData\\Local\\Programs\\Python\\Python312\\Lib\\site-packages\\werkzeug\\sansio\\request.py', reloading
2024-09-29 00:13:12,124 - INFO -  * Detected change in 'C:\\Users\\suraj\\AppData\\Local\\Programs\\Python\\Python312\\Lib\\site-packages\\flask\\json\\__init__.py', reloading
2024-09-29 00:13:12,125 - INFO -  * Detected change in 'C:\\Users\\suraj\\AppData\\Local\\Programs\\Python\\Python312\\Lib\\site-packages\\flask\\json\\__init__.py', reloading
2024-09-29 00:13:12,128 - INFO -  * Detected change in 'C:\\Users\\suraj\\AppData\\Local\\Programs\\Python\\Python312\\Lib\\site-packages\\werkzeug\\wrappers\\response.py', reloading
2024-09-29 00:13:12,147 - INFO -  * Detected change in 'C:\\Users\\suraj\\AppData\\Local\\Programs\\Python\\Python312\\Lib\\site-packages\\werkzeug\\sansio\\response.py', reloading
2024-09-29 00:13:12,162 - INFO -  * Detected change in 'C:\\Users\\suraj\\AppData\\Local\\Programs\\Python\\Python312\\Lib\\site-packages\\flask\\templating.py', reloading
2024-09-29 00:13:12,169 - INFO -  * Detected change in 'C:\\Users\\suraj\\AppData\\Local\\Programs\\Python\\Python312\\Lib\\site-packages\\jinja2\\__init__.py', reloading
2024-09-29 00:13:12,169 - INFO -  * Detected change in 'C:\\Users\\suraj\\AppData\\Local\\Programs\\Python\\Python312\\Lib\\site-packages\\jinja2\\__init__.py', reloading
2024-09-29 00:13:12,174 - INFO -  * Detected change in 'C:\\Users\\suraj\\AppData\\Local\\Programs\\Python\\Python312\\Lib\\site-packages\\jinja2\\environment.py', reloading
2024-09-29 00:13:12,214 - INFO -  * Detected change in 'C:\\Users\\suraj\\AppData\\Local\\Programs\\Python\\Python312\\Lib\\site-packages\\flask\\typing.py', reloading
2024-09-29 00:13:12,214 - INFO -  * Detected change in 'C:\\Users\\suraj\\AppData\\Local\\Programs\\Python\\Python312\\Lib\\site-packages\\flask\\typing.py', reloading
2024-09-29 00:13:12,219 - INFO -  * Detected change in 'C:\\Users\\suraj\\AppData\\Local\\Programs\\Python\\Python312\\Lib\\site-packages\\werkzeug\\datastructures\\__init__.py', reloading
2024-09-29 00:13:12,219 - INFO -  * Detected change in 'C:\\Users\\suraj\\AppData\\Local\\Programs\\Python\\Python312\\Lib\\site-packages\\werkzeug\\datastructures\\__init__.py', reloading
2024-09-29 00:13:12,238 - INFO -  * Detected change in 'C:\\Users\\suraj\\AppData\\Local\\Programs\\Python\\Python312\\Lib\\site-packages\\werkzeug\\utils.py', reloading
2024-09-29 00:13:12,764 - INFO -  * Detected change in 'C:\\Users\\suraj\\Desktop\\book_recommendation\\app.py', reloading
2024-09-29 00:13:12,765 - INFO -  * Detected change in 'C:\\Users\\suraj\\Desktop\\book_recommendation\\app.py', reloading
2024-09-29 00:13:12,787 - INFO -  * Detected change in 'C:\\Users\\suraj\\Desktop\\book_recommendation\\app.py', reloading
2024-09-29 00:13:12,788 - INFO -  * Detected change in 'C:\\Users\\suraj\\Desktop\\book_recommendation\\app.py', reloading
2024-09-29 00:13:18,591 - INFO - KMeans model trained with inertia: 188.50278812923062
2024-09-29 00:13:19,004 - INFO - KMeans model trained with inertia: 188.50278812923062
2024-09-29 00:13:24,402 - INFO - KMeans model logged successfully in MLflow.
2024-09-29 00:13:24,409 - INFO - Starting the Flask application...
2024-09-29 00:13:24,414 - WARNING -  * Debugger is active!
2024-09-29 00:13:24,418 - INFO -  * Debugger PIN: 235-496-468
2024-09-29 00:13:24,634 - INFO - KMeans model logged successfully in MLflow.
2024-09-29 00:13:24,639 - INFO - Starting the Flask application...
2024-09-29 00:13:24,645 - WARNING -  * Debugger is active!
2024-09-29 00:13:24,649 - INFO -  * Debugger PIN: 235-496-468
2024-09-29 00:13:37,793 - INFO - KMeans model trained with inertia: 188.50278812923062
2024-09-29 00:13:44,744 - INFO - KMeans model logged successfully in MLflow.
2024-09-29 00:13:44,751 - INFO - Starting the Flask application...
2024-09-29 00:13:44,771 - INFO - [31m[1mWARNING: This is a development server. Do not use it in a production deployment. Use a production WSGI server instead.[0m
 * Running on http://127.0.0.1:5000
2024-09-29 00:13:44,771 - INFO - [33mPress CTRL+C to quit[0m
2024-09-29 00:13:44,789 - INFO -  * Restarting with watchdog (windowsapi)
2024-09-29 00:13:49,736 - INFO - KMeans model trained with inertia: 188.50278812923062
2024-09-29 00:13:56,499 - INFO - KMeans model logged successfully in MLflow.
2024-09-29 00:13:56,509 - INFO - Starting the Flask application...
2024-09-29 00:13:56,516 - WARNING -  * Debugger is active!
2024-09-29 00:13:56,522 - INFO -  * Debugger PIN: 235-496-468
2024-09-29 00:14:49,485 - INFO -  * Detected change in 'C:\\Users\\suraj\\AppData\\Local\\Programs\\Python\\Python312\\Lib\\site-packages\\mlflow\\types\\__init__.py', reloading
2024-09-29 00:14:49,487 - INFO -  * Detected change in 'C:\\Users\\suraj\\AppData\\Local\\Programs\\Python\\Python312\\Lib\\site-packages\\mlflow\\types\\schema.py', reloading
2024-09-29 00:14:49,488 - INFO -  * Detected change in 'C:\\Users\\suraj\\AppData\\Local\\Programs\\Python\\Python312\\Lib\\site-packages\\mlflow\\types\\schema.py', reloading
2024-09-29 00:14:49,488 - INFO -  * Detected change in 'C:\\Users\\suraj\\AppData\\Local\\Programs\\Python\\Python312\\Lib\\site-packages\\mlflow\\types\\__init__.py', reloading
2024-09-29 00:14:49,488 - INFO -  * Detected change in 'C:\\Users\\suraj\\AppData\\Local\\Programs\\Python\\Python312\\Lib\\site-packages\\mlflow\\types\\schema.py', reloading
2024-09-29 00:14:49,611 - INFO -  * Detected change in 'C:\\Users\\suraj\\AppData\\Local\\Programs\\Python\\Python312\\Lib\\site-packages\\mlflow\\utils\\annotations.py', reloading
2024-09-29 00:14:49,613 - INFO -  * Detected change in 'C:\\Users\\suraj\\AppData\\Local\\Programs\\Python\\Python312\\Lib\\site-packages\\mlflow\\utils\\annotations.py', reloading
2024-09-29 00:14:49,633 - INFO -  * Detected change in 'C:\\Users\\suraj\\AppData\\Local\\Programs\\Python\\Python312\\Lib\\site-packages\\numpy\\_typing\\_nbit.py', reloading
2024-09-29 00:14:49,634 - INFO -  * Detected change in 'C:\\Users\\suraj\\AppData\\Local\\Programs\\Python\\Python312\\Lib\\site-packages\\numpy\\_typing\\_nbit.py', reloading
2024-09-29 00:14:49,655 - INFO -  * Detected change in 'C:\\Users\\suraj\\AppData\\Local\\Programs\\Python\\Python312\\Lib\\site-packages\\numpy\\_typing\\_char_codes.py', reloading
2024-09-29 00:14:49,717 - INFO -  * Detected change in 'C:\\Users\\suraj\\AppData\\Local\\Programs\\Python\\Python312\\Lib\\site-packages\\numpy\\_typing\\_dtype_like.py', reloading
2024-09-29 00:14:49,737 - INFO -  * Detected change in 'C:\\Users\\suraj\\AppData\\Local\\Programs\\Python\\Python312\\Lib\\site-packages\\numpy\\_typing\\_shape.py', reloading
2024-09-29 00:14:49,737 - INFO -  * Detected change in 'C:\\Users\\suraj\\AppData\\Local\\Programs\\Python\\Python312\\Lib\\site-packages\\numpy\\_typing\\_shape.py', reloading
2024-09-29 00:14:50,219 - INFO -  * Detected change in 'C:\\Users\\suraj\\Desktop\\book_recommendation\\model.py', reloading
2024-09-29 00:14:50,219 - INFO -  * Detected change in 'C:\\Users\\suraj\\Desktop\\book_recommendation\\model.py', reloading
2024-09-29 00:14:50,220 - INFO -  * Detected change in 'C:\\Users\\suraj\\Desktop\\book_recommendation\\model.py', reloading
2024-09-29 00:14:50,240 - INFO -  * Detected change in 'C:\\Users\\suraj\\Desktop\\book_recommendation\\model.py', reloading
2024-09-29 00:14:50,240 - INFO -  * Detected change in 'C:\\Users\\suraj\\Desktop\\book_recommendation\\model.py', reloading
2024-09-29 00:14:50,242 - INFO -  * Detected change in 'C:\\Users\\suraj\\Desktop\\book_recommendation\\model.py', reloading
2024-09-29 00:14:50,242 - INFO -  * Detected change in 'C:\\Users\\suraj\\Desktop\\book_recommendation\\model.py', reloading
2024-09-29 00:14:51,092 - INFO -  * Restarting with watchdog (windowsapi)
2024-09-29 00:14:56,006 - INFO - KMeans model trained with inertia: 188.50278812923062
2024-09-29 00:15:00,383 - INFO - KMeans model trained with inertia: 188.50278812923062
2024-09-29 00:15:02,751 - INFO - KMeans model logged successfully in MLflow with signature and input example.
2024-09-29 00:15:02,759 - INFO - Starting the Flask application...
2024-09-29 00:15:02,764 - WARNING -  * Debugger is active!
2024-09-29 00:15:02,768 - INFO -  * Debugger PIN: 235-496-468
2024-09-29 00:15:06,309 - INFO - KMeans model logged successfully in MLflow with signature and input example.
2024-09-29 00:15:06,316 - INFO - Starting the Flask application...
2024-09-29 00:15:06,331 - INFO - [31m[1mWARNING: This is a development server. Do not use it in a production deployment. Use a production WSGI server instead.[0m
 * Running on http://127.0.0.1:5000
2024-09-29 00:15:06,331 - INFO - [33mPress CTRL+C to quit[0m
2024-09-29 00:15:06,346 - INFO -  * Restarting with watchdog (windowsapi)
2024-09-29 00:15:10,321 - INFO - KMeans model trained with inertia: 188.50278812923062
2024-09-29 00:15:16,448 - INFO - KMeans model logged successfully in MLflow with signature and input example.
2024-09-29 00:15:16,463 - INFO - Starting the Flask application...
2024-09-29 00:15:16,474 - WARNING -  * Debugger is active!
2024-09-29 00:15:16,479 - INFO -  * Debugger PIN: 235-496-468
2024-09-29 00:16:28,543 - INFO -  * Detected change in 'C:\\Users\\suraj\\Desktop\\book_recommendation\\model.py', reloading
2024-09-29 00:16:28,545 - INFO -  * Detected change in 'C:\\Users\\suraj\\Desktop\\book_recommendation\\model.py', reloading
2024-09-29 00:16:28,565 - INFO -  * Detected change in 'C:\\Users\\suraj\\Desktop\\book_recommendation\\model.py', reloading
2024-09-29 00:16:29,449 - INFO -  * Restarting with watchdog (windowsapi)
2024-09-29 00:16:34,677 - INFO - KMeans model trained with inertia: 188.50278812923062
2024-09-29 00:16:35,108 - INFO - KMeans model trained with inertia: 188.50278812923062
2024-09-29 00:16:41,720 - INFO - KMeans model logged successfully in MLflow with signature and input example.
2024-09-29 00:16:41,726 - INFO - Starting the Flask application...
2024-09-29 00:16:41,732 - WARNING -  * Debugger is active!
2024-09-29 00:16:41,737 - INFO -  * Debugger PIN: 235-496-468
2024-09-29 00:16:41,848 - INFO - KMeans model trained with inertia: 188.50278812923062
2024-09-29 00:16:47,465 - INFO - KMeans model logged successfully in MLflow with signature and input example.
2024-09-29 00:16:47,471 - INFO - Starting the Flask application...
2024-09-29 00:16:47,486 - INFO - [31m[1mWARNING: This is a development server. Do not use it in a production deployment. Use a production WSGI server instead.[0m
 * Running on http://127.0.0.1:5000
2024-09-29 00:16:47,486 - INFO - [33mPress CTRL+C to quit[0m
2024-09-29 00:16:47,499 - INFO -  * Restarting with watchdog (windowsapi)
2024-09-29 00:16:51,605 - INFO - KMeans model trained with inertia: 188.50278812923062
2024-09-29 00:16:58,211 - INFO - KMeans model logged successfully in MLflow with signature and input example.
2024-09-29 00:16:58,220 - INFO - Starting the Flask application...
2024-09-29 00:16:58,227 - WARNING -  * Debugger is active!
2024-09-29 00:16:58,232 - INFO -  * Debugger PIN: 235-496-468
2024-09-29 00:17:50,648 - INFO - Recommendations for 'Fundamentals of Wavelets' fetched successfully.
2024-09-29 00:17:50,650 - INFO - Recommendations for 'Fundamentals of Wavelets' returned successfully.
2024-09-29 00:17:50,650 - INFO - 127.0.0.1 - - [29/Sep/2024 00:17:50] "GET /recommend?title=Fundamentals%20of%20Wavelets HTTP/1.1" 200 -
2024-09-29 00:18:02,915 - INFO - Recommendations for 'Data Smart' fetched successfully.
2024-09-29 00:18:02,915 - INFO - Recommendations for 'Data Smart' returned successfully.
2024-09-29 00:18:02,915 - INFO - 127.0.0.1 - - [29/Sep/2024 00:18:02] "GET /recommend?title=Data%20Smart HTTP/1.1" 200 -
2024-09-29 00:18:12,455 - INFO - Recommendations for 'God Created the Integers' fetched successfully.
2024-09-29 00:18:12,455 - INFO - Recommendations for 'God Created the Integers' returned successfully.
2024-09-29 00:18:12,456 - INFO - 127.0.0.1 - - [29/Sep/2024 00:18:12] "GET /recommend?title=God%20Created%20the%20Integers HTTP/1.1" 200 -
2024-09-29 00:58:28,414 - INFO -  * Detected change in 'C:\\Users\\suraj\\Desktop\\book_recommendation\\.venv\\Lib\\site-packages\\blinker\\__init__.py', reloading
2024-09-29 00:58:28,415 - INFO -  * Detected change in 'C:\\Users\\suraj\\Desktop\\book_recommendation\\.venv\\Lib\\site-packages\\blinker\\__init__.py', reloading
2024-09-29 00:58:28,435 - INFO -  * Detected change in 'C:\\Users\\suraj\\Desktop\\book_recommendation\\.venv\\Lib\\site-packages\\blinker\\_utilities.py', reloading
2024-09-29 00:58:28,442 - INFO -  * Detected change in 'C:\\Users\\suraj\\Desktop\\book_recommendation\\.venv\\Lib\\site-packages\\blinker\\base.py', reloading
2024-09-29 00:58:28,442 - INFO -  * Detected change in 'C:\\Users\\suraj\\Desktop\\book_recommendation\\.venv\\Lib\\site-packages\\blinker\\base.py', reloading
2024-09-29 00:58:28,486 - INFO -  * Detected change in 'C:\\Users\\suraj\\Desktop\\book_recommendation\\.venv\\Lib\\site-packages\\click\\__init__.py', reloading
2024-09-29 00:58:28,580 - INFO -  * Detected change in 'C:\\Users\\suraj\\Desktop\\book_recommendation\\.venv\\Lib\\site-packages\\click\\_compat.py', reloading
2024-09-29 00:58:28,585 - INFO -  * Detected change in 'C:\\Users\\suraj\\Desktop\\book_recommendation\\.venv\\Lib\\site-packages\\click\\_termui_impl.py', reloading
2024-09-29 00:58:28,593 - INFO -  * Detected change in 'C:\\Users\\suraj\\Desktop\\book_recommendation\\.venv\\Lib\\site-packages\\click\\_textwrap.py', reloading
2024-09-29 00:58:28,593 - INFO -  * Detected change in 'C:\\Users\\suraj\\Desktop\\book_recommendation\\.venv\\Lib\\site-packages\\click\\_textwrap.py', reloading
2024-09-29 00:58:28,599 - INFO -  * Detected change in 'C:\\Users\\suraj\\Desktop\\book_recommendation\\.venv\\Lib\\site-packages\\click\\_winconsole.py', reloading
2024-09-29 00:58:28,607 - INFO -  * Detected change in 'C:\\Users\\suraj\\Desktop\\book_recommendation\\.venv\\Lib\\site-packages\\click\\core.py', reloading
2024-09-29 00:58:28,607 - INFO -  * Detected change in 'C:\\Users\\suraj\\Desktop\\book_recommendation\\.venv\\Lib\\site-packages\\click\\core.py', reloading
2024-09-29 00:58:28,614 - INFO -  * Detected change in 'C:\\Users\\suraj\\Desktop\\book_recommendation\\.venv\\Lib\\site-packages\\click\\decorators.py', reloading
2024-09-29 00:58:28,614 - INFO -  * Detected change in 'C:\\Users\\suraj\\Desktop\\book_recommendation\\.venv\\Lib\\site-packages\\click\\decorators.py', reloading
2024-09-29 00:58:28,620 - INFO -  * Detected change in 'C:\\Users\\suraj\\Desktop\\book_recommendation\\.venv\\Lib\\site-packages\\click\\exceptions.py', reloading
2024-09-29 00:58:28,627 - INFO -  * Detected change in 'C:\\Users\\suraj\\Desktop\\book_recommendation\\.venv\\Lib\\site-packages\\click\\formatting.py', reloading
2024-09-29 00:58:28,632 - INFO -  * Detected change in 'C:\\Users\\suraj\\Desktop\\book_recommendation\\.venv\\Lib\\site-packages\\click\\globals.py', reloading
2024-09-29 00:58:28,632 - INFO -  * Detected change in 'C:\\Users\\suraj\\Desktop\\book_recommendation\\.venv\\Lib\\site-packages\\click\\globals.py', reloading
2024-09-29 00:58:28,639 - INFO -  * Detected change in 'C:\\Users\\suraj\\Desktop\\book_recommendation\\.venv\\Lib\\site-packages\\click\\parser.py', reloading
2024-09-29 00:58:28,639 - INFO -  * Detected change in 'C:\\Users\\suraj\\Desktop\\book_recommendation\\.venv\\Lib\\site-packages\\click\\parser.py', reloading
2024-09-29 00:58:28,645 - INFO -  * Detected change in 'C:\\Users\\suraj\\Desktop\\book_recommendation\\.venv\\Lib\\site-packages\\click\\shell_completion.py', reloading
2024-09-29 00:58:28,647 - INFO -  * Detected change in 'C:\\Users\\suraj\\Desktop\\book_recommendation\\.venv\\Lib\\site-packages\\click\\shell_completion.py', reloading
2024-09-29 00:58:28,653 - INFO -  * Detected change in 'C:\\Users\\suraj\\Desktop\\book_recommendation\\.venv\\Lib\\site-packages\\click\\termui.py', reloading
2024-09-29 00:58:28,653 - INFO -  * Detected change in 'C:\\Users\\suraj\\Desktop\\book_recommendation\\.venv\\Lib\\site-packages\\click\\termui.py', reloading
2024-09-29 00:58:28,659 - INFO -  * Detected change in 'C:\\Users\\suraj\\Desktop\\book_recommendation\\.venv\\Lib\\site-packages\\click\\testing.py', reloading
2024-09-29 00:58:28,659 - INFO -  * Detected change in 'C:\\Users\\suraj\\Desktop\\book_recommendation\\.venv\\Lib\\site-packages\\click\\testing.py', reloading
2024-09-29 00:58:28,666 - INFO -  * Detected change in 'C:\\Users\\suraj\\Desktop\\book_recommendation\\.venv\\Lib\\site-packages\\click\\types.py', reloading
2024-09-29 00:58:28,673 - INFO -  * Detected change in 'C:\\Users\\suraj\\Desktop\\book_recommendation\\.venv\\Lib\\site-packages\\click\\utils.py', reloading
2024-09-29 00:58:28,673 - INFO -  * Detected change in 'C:\\Users\\suraj\\Desktop\\book_recommendation\\.venv\\Lib\\site-packages\\click\\utils.py', reloading
2024-09-29 00:58:28,703 - INFO -  * Detected change in 'C:\\Users\\suraj\\Desktop\\book_recommendation\\.venv\\Lib\\site-packages\\colorama\\__init__.py', reloading
2024-09-29 00:58:28,739 - INFO -  * Detected change in 'C:\\Users\\suraj\\Desktop\\book_recommendation\\.venv\\Lib\\site-packages\\colorama\\ansi.py', reloading
2024-09-29 00:58:28,739 - INFO -  * Detected change in 'C:\\Users\\suraj\\Desktop\\book_recommendation\\.venv\\Lib\\site-packages\\colorama\\ansi.py', reloading
2024-09-29 00:58:28,746 - INFO -  * Detected change in 'C:\\Users\\suraj\\Desktop\\book_recommendation\\.venv\\Lib\\site-packages\\colorama\\ansitowin32.py', reloading
2024-09-29 00:58:28,746 - INFO -  * Detected change in 'C:\\Users\\suraj\\Desktop\\book_recommendation\\.venv\\Lib\\site-packages\\colorama\\ansitowin32.py', reloading
2024-09-29 00:58:28,751 - INFO -  * Detected change in 'C:\\Users\\suraj\\Desktop\\book_recommendation\\.venv\\Lib\\site-packages\\colorama\\initialise.py', reloading
2024-09-29 00:58:28,751 - INFO -  * Detected change in 'C:\\Users\\suraj\\Desktop\\book_recommendation\\.venv\\Lib\\site-packages\\colorama\\initialise.py', reloading
2024-09-29 00:58:28,757 - INFO -  * Detected change in 'C:\\Users\\suraj\\Desktop\\book_recommendation\\.venv\\Lib\\site-packages\\colorama\\tests\\__init__.py', reloading
2024-09-29 00:58:28,757 - INFO -  * Detected change in 'C:\\Users\\suraj\\Desktop\\book_recommendation\\.venv\\Lib\\site-packages\\colorama\\tests\\__init__.py', reloading
2024-09-29 00:58:28,798 - INFO -  * Detected change in 'C:\\Users\\suraj\\Desktop\\book_recommendation\\.venv\\Lib\\site-packages\\colorama\\tests\\ansi_test.py', reloading
2024-09-29 00:58:28,805 - INFO -  * Detected change in 'C:\\Users\\suraj\\Desktop\\book_recommendation\\.venv\\Lib\\site-packages\\colorama\\tests\\ansitowin32_test.py', reloading
2024-09-29 00:58:28,810 - INFO -  * Detected change in 'C:\\Users\\suraj\\Desktop\\book_recommendation\\.venv\\Lib\\site-packages\\colorama\\tests\\initialise_test.py', reloading
2024-09-29 00:58:28,810 - INFO -  * Detected change in 'C:\\Users\\suraj\\Desktop\\book_recommendation\\.venv\\Lib\\site-packages\\colorama\\tests\\initialise_test.py', reloading
2024-09-29 00:58:28,816 - INFO -  * Detected change in 'C:\\Users\\suraj\\Desktop\\book_recommendation\\.venv\\Lib\\site-packages\\colorama\\tests\\isatty_test.py', reloading
2024-09-29 00:58:28,823 - INFO -  * Detected change in 'C:\\Users\\suraj\\Desktop\\book_recommendation\\.venv\\Lib\\site-packages\\colorama\\tests\\utils.py', reloading
2024-09-29 00:58:28,823 - INFO -  * Detected change in 'C:\\Users\\suraj\\Desktop\\book_recommendation\\.venv\\Lib\\site-packages\\colorama\\tests\\utils.py', reloading
2024-09-29 00:58:28,827 - INFO -  * Detected change in 'C:\\Users\\suraj\\Desktop\\book_recommendation\\.venv\\Lib\\site-packages\\colorama\\tests\\winterm_test.py', reloading
2024-09-29 00:58:28,827 - INFO -  * Detected change in 'C:\\Users\\suraj\\Desktop\\book_recommendation\\.venv\\Lib\\site-packages\\colorama\\tests\\winterm_test.py', reloading
2024-09-29 00:58:28,832 - INFO -  * Detected change in 'C:\\Users\\suraj\\Desktop\\book_recommendation\\.venv\\Lib\\site-packages\\colorama\\win32.py', reloading
2024-09-29 00:58:28,840 - INFO -  * Detected change in 'C:\\Users\\suraj\\Desktop\\book_recommendation\\.venv\\Lib\\site-packages\\colorama\\winterm.py', reloading
2024-09-29 00:58:28,840 - INFO -  * Detected change in 'C:\\Users\\suraj\\Desktop\\book_recommendation\\.venv\\Lib\\site-packages\\colorama\\winterm.py', reloading
2024-09-29 00:58:28,871 - INFO -  * Detected change in 'C:\\Users\\suraj\\Desktop\\book_recommendation\\.venv\\Lib\\site-packages\\flask\\__init__.py', reloading
2024-09-29 00:58:28,871 - INFO -  * Detected change in 'C:\\Users\\suraj\\Desktop\\book_recommendation\\.venv\\Lib\\site-packages\\flask\\__init__.py', reloading
2024-09-29 00:58:28,877 - INFO -  * Detected change in 'C:\\Users\\suraj\\Desktop\\book_recommendation\\.venv\\Lib\\site-packages\\flask\\__main__.py', reloading
2024-09-29 00:58:28,876 - INFO -  * Detected change in 'C:\\Users\\suraj\\Desktop\\book_recommendation\\.venv\\Lib\\site-packages\\flask\\__main__.py', reloading
2024-09-29 00:58:28,981 - INFO -  * Detected change in 'C:\\Users\\suraj\\Desktop\\book_recommendation\\.venv\\Lib\\site-packages\\flask\\app.py', reloading
2024-09-29 00:58:28,986 - INFO -  * Detected change in 'C:\\Users\\suraj\\Desktop\\book_recommendation\\.venv\\Lib\\site-packages\\flask\\blueprints.py', reloading
2024-09-29 00:58:28,986 - INFO -  * Detected change in 'C:\\Users\\suraj\\Desktop\\book_recommendation\\.venv\\Lib\\site-packages\\flask\\blueprints.py', reloading
2024-09-29 00:58:28,992 - INFO -  * Detected change in 'C:\\Users\\suraj\\Desktop\\book_recommendation\\.venv\\Lib\\site-packages\\flask\\cli.py', reloading
2024-09-29 00:58:29,008 - INFO -  * Detected change in 'C:\\Users\\suraj\\Desktop\\book_recommendation\\.venv\\Lib\\site-packages\\flask\\config.py', reloading
2024-09-29 00:58:29,014 - INFO -  * Detected change in 'C:\\Users\\suraj\\Desktop\\book_recommendation\\.venv\\Lib\\site-packages\\flask\\ctx.py', reloading
2024-09-29 00:58:29,014 - INFO -  * Detected change in 'C:\\Users\\suraj\\Desktop\\book_recommendation\\.venv\\Lib\\site-packages\\flask\\ctx.py', reloading
2024-09-29 00:58:29,020 - INFO -  * Detected change in 'C:\\Users\\suraj\\Desktop\\book_recommendation\\.venv\\Lib\\site-packages\\flask\\debughelpers.py', reloading
2024-09-29 00:58:29,020 - INFO -  * Detected change in 'C:\\Users\\suraj\\Desktop\\book_recommendation\\.venv\\Lib\\site-packages\\flask\\debughelpers.py', reloading
2024-09-29 00:58:29,025 - INFO -  * Detected change in 'C:\\Users\\suraj\\Desktop\\book_recommendation\\.venv\\Lib\\site-packages\\flask\\globals.py', reloading
2024-09-29 00:58:29,025 - INFO -  * Detected change in 'C:\\Users\\suraj\\Desktop\\book_recommendation\\.venv\\Lib\\site-packages\\flask\\globals.py', reloading
2024-09-29 00:58:29,033 - INFO -  * Detected change in 'C:\\Users\\suraj\\Desktop\\book_recommendation\\.venv\\Lib\\site-packages\\flask\\helpers.py', reloading
2024-09-29 00:58:29,033 - INFO -  * Detected change in 'C:\\Users\\suraj\\Desktop\\book_recommendation\\.venv\\Lib\\site-packages\\flask\\helpers.py', reloading
2024-09-29 00:58:29,039 - INFO -  * Detected change in 'C:\\Users\\suraj\\Desktop\\book_recommendation\\.venv\\Lib\\site-packages\\flask\\json\\__init__.py', reloading
2024-09-29 00:58:29,039 - INFO -  * Detected change in 'C:\\Users\\suraj\\Desktop\\book_recommendation\\.venv\\Lib\\site-packages\\flask\\json\\__init__.py', reloading
2024-09-29 00:58:29,060 - INFO -  * Detected change in 'C:\\Users\\suraj\\Desktop\\book_recommendation\\.venv\\Lib\\site-packages\\flask\\json\\provider.py', reloading
2024-09-29 00:58:29,060 - INFO -  * Detected change in 'C:\\Users\\suraj\\Desktop\\book_recommendation\\.venv\\Lib\\site-packages\\flask\\json\\provider.py', reloading
2024-09-29 00:58:29,066 - INFO -  * Detected change in 'C:\\Users\\suraj\\Desktop\\book_recommendation\\.venv\\Lib\\site-packages\\flask\\json\\tag.py', reloading
2024-09-29 00:58:29,066 - INFO -  * Detected change in 'C:\\Users\\suraj\\Desktop\\book_recommendation\\.venv\\Lib\\site-packages\\flask\\json\\tag.py', reloading
2024-09-29 00:58:29,071 - INFO -  * Detected change in 'C:\\Users\\suraj\\Desktop\\book_recommendation\\.venv\\Lib\\site-packages\\flask\\logging.py', reloading
2024-09-29 00:58:29,106 - INFO -  * Detected change in 'C:\\Users\\suraj\\Desktop\\book_recommendation\\.venv\\Lib\\site-packages\\flask\\sansio\\app.py', reloading
2024-09-29 00:58:29,106 - INFO -  * Detected change in 'C:\\Users\\suraj\\Desktop\\book_recommendation\\.venv\\Lib\\site-packages\\flask\\sansio\\app.py', reloading
2024-09-29 00:58:29,113 - INFO -  * Detected change in 'C:\\Users\\suraj\\Desktop\\book_recommendation\\.venv\\Lib\\site-packages\\flask\\sansio\\blueprints.py', reloading
2024-09-29 00:58:29,120 - INFO -  * Detected change in 'C:\\Users\\suraj\\Desktop\\book_recommendation\\.venv\\Lib\\site-packages\\flask\\sansio\\scaffold.py', reloading
2024-09-29 00:58:29,120 - INFO -  * Detected change in 'C:\\Users\\suraj\\Desktop\\book_recommendation\\.venv\\Lib\\site-packages\\flask\\sansio\\scaffold.py', reloading
2024-09-29 00:58:29,125 - INFO -  * Detected change in 'C:\\Users\\suraj\\Desktop\\book_recommendation\\.venv\\Lib\\site-packages\\flask\\sessions.py', reloading
2024-09-29 00:58:29,125 - INFO -  * Detected change in 'C:\\Users\\suraj\\Desktop\\book_recommendation\\.venv\\Lib\\site-packages\\flask\\sessions.py', reloading
2024-09-29 00:58:29,133 - INFO -  * Detected change in 'C:\\Users\\suraj\\Desktop\\book_recommendation\\.venv\\Lib\\site-packages\\flask\\signals.py', reloading
2024-09-29 00:58:29,138 - INFO -  * Detected change in 'C:\\Users\\suraj\\Desktop\\book_recommendation\\.venv\\Lib\\site-packages\\flask\\templating.py', reloading
2024-09-29 00:58:29,138 - INFO -  * Detected change in 'C:\\Users\\suraj\\Desktop\\book_recommendation\\.venv\\Lib\\site-packages\\flask\\templating.py', reloading
2024-09-29 00:58:29,143 - INFO -  * Detected change in 'C:\\Users\\suraj\\Desktop\\book_recommendation\\.venv\\Lib\\site-packages\\flask\\testing.py', reloading
2024-09-29 00:58:29,145 - INFO -  * Detected change in 'C:\\Users\\suraj\\Desktop\\book_recommendation\\.venv\\Lib\\site-packages\\flask\\testing.py', reloading
2024-09-29 00:58:29,151 - INFO -  * Detected change in 'C:\\Users\\suraj\\Desktop\\book_recommendation\\.venv\\Lib\\site-packages\\flask\\typing.py', reloading
2024-09-29 00:58:29,151 - INFO -  * Detected change in 'C:\\Users\\suraj\\Desktop\\book_recommendation\\.venv\\Lib\\site-packages\\flask\\typing.py', reloading
2024-09-29 00:58:29,156 - INFO -  * Detected change in 'C:\\Users\\suraj\\Desktop\\book_recommendation\\.venv\\Lib\\site-packages\\flask\\views.py', reloading
2024-09-29 00:58:29,156 - INFO -  * Detected change in 'C:\\Users\\suraj\\Desktop\\book_recommendation\\.venv\\Lib\\site-packages\\flask\\views.py', reloading
2024-09-29 00:58:29,160 - INFO -  * Detected change in 'C:\\Users\\suraj\\Desktop\\book_recommendation\\.venv\\Lib\\site-packages\\flask\\wrappers.py', reloading
2024-09-29 00:58:29,160 - INFO -  * Detected change in 'C:\\Users\\suraj\\Desktop\\book_recommendation\\.venv\\Lib\\site-packages\\flask\\wrappers.py', reloading
2024-09-29 00:58:29,188 - INFO -  * Detected change in 'C:\\Users\\suraj\\Desktop\\book_recommendation\\.venv\\Lib\\site-packages\\itsdangerous\\__init__.py', reloading
2024-09-29 00:58:29,188 - INFO -  * Detected change in 'C:\\Users\\suraj\\Desktop\\book_recommendation\\.venv\\Lib\\site-packages\\itsdangerous\\__init__.py', reloading
2024-09-29 00:58:29,235 - INFO -  * Detected change in 'C:\\Users\\suraj\\Desktop\\book_recommendation\\.venv\\Lib\\site-packages\\itsdangerous\\_json.py', reloading
2024-09-29 00:58:29,240 - INFO -  * Detected change in 'C:\\Users\\suraj\\Desktop\\book_recommendation\\.venv\\Lib\\site-packages\\itsdangerous\\encoding.py', reloading
2024-09-29 00:58:29,240 - INFO -  * Detected change in 'C:\\Users\\suraj\\Desktop\\book_recommendation\\.venv\\Lib\\site-packages\\itsdangerous\\encoding.py', reloading
2024-09-29 00:58:29,245 - INFO -  * Detected change in 'C:\\Users\\suraj\\Desktop\\book_recommendation\\.venv\\Lib\\site-packages\\itsdangerous\\exc.py', reloading
2024-09-29 00:58:29,245 - INFO -  * Detected change in 'C:\\Users\\suraj\\Desktop\\book_recommendation\\.venv\\Lib\\site-packages\\itsdangerous\\exc.py', reloading
2024-09-29 00:58:29,253 - INFO -  * Detected change in 'C:\\Users\\suraj\\Desktop\\book_recommendation\\.venv\\Lib\\site-packages\\itsdangerous\\serializer.py', reloading
2024-09-29 00:58:29,254 - INFO -  * Detected change in 'C:\\Users\\suraj\\Desktop\\book_recommendation\\.venv\\Lib\\site-packages\\itsdangerous\\serializer.py', reloading
2024-09-29 00:58:29,259 - INFO -  * Detected change in 'C:\\Users\\suraj\\Desktop\\book_recommendation\\.venv\\Lib\\site-packages\\itsdangerous\\signer.py', reloading
2024-09-29 00:58:29,259 - INFO -  * Detected change in 'C:\\Users\\suraj\\Desktop\\book_recommendation\\.venv\\Lib\\site-packages\\itsdangerous\\signer.py', reloading
2024-09-29 00:58:29,264 - INFO -  * Detected change in 'C:\\Users\\suraj\\Desktop\\book_recommendation\\.venv\\Lib\\site-packages\\itsdangerous\\timed.py', reloading
2024-09-29 00:58:29,264 - INFO -  * Detected change in 'C:\\Users\\suraj\\Desktop\\book_recommendation\\.venv\\Lib\\site-packages\\itsdangerous\\timed.py', reloading
2024-09-29 00:58:29,271 - INFO -  * Detected change in 'C:\\Users\\suraj\\Desktop\\book_recommendation\\.venv\\Lib\\site-packages\\itsdangerous\\url_safe.py', reloading
2024-09-29 00:58:29,271 - INFO -  * Detected change in 'C:\\Users\\suraj\\Desktop\\book_recommendation\\.venv\\Lib\\site-packages\\itsdangerous\\url_safe.py', reloading
2024-09-29 00:58:29,302 - INFO -  * Detected change in 'C:\\Users\\suraj\\Desktop\\book_recommendation\\.venv\\Lib\\site-packages\\jinja2\\__init__.py', reloading
2024-09-29 00:58:29,302 - INFO -  * Detected change in 'C:\\Users\\suraj\\Desktop\\book_recommendation\\.venv\\Lib\\site-packages\\jinja2\\__init__.py', reloading
2024-09-29 00:58:29,444 - INFO -  * Detected change in 'C:\\Users\\suraj\\Desktop\\book_recommendation\\.venv\\Lib\\site-packages\\jinja2\\_identifier.py', reloading
2024-09-29 00:58:29,444 - INFO -  * Detected change in 'C:\\Users\\suraj\\Desktop\\book_recommendation\\.venv\\Lib\\site-packages\\jinja2\\_identifier.py', reloading
2024-09-29 00:58:29,448 - INFO -  * Detected change in 'C:\\Users\\suraj\\Desktop\\book_recommendation\\.venv\\Lib\\site-packages\\jinja2\\async_utils.py', reloading
2024-09-29 00:58:29,448 - INFO -  * Detected change in 'C:\\Users\\suraj\\Desktop\\book_recommendation\\.venv\\Lib\\site-packages\\jinja2\\async_utils.py', reloading
2024-09-29 00:58:29,454 - INFO -  * Detected change in 'C:\\Users\\suraj\\Desktop\\book_recommendation\\.venv\\Lib\\site-packages\\jinja2\\bccache.py', reloading
2024-09-29 00:58:29,462 - INFO -  * Detected change in 'C:\\Users\\suraj\\Desktop\\book_recommendation\\.venv\\Lib\\site-packages\\jinja2\\compiler.py', reloading
2024-09-29 00:58:29,462 - INFO -  * Detected change in 'C:\\Users\\suraj\\Desktop\\book_recommendation\\.venv\\Lib\\site-packages\\jinja2\\compiler.py', reloading
2024-09-29 00:58:29,466 - INFO -  * Detected change in 'C:\\Users\\suraj\\Desktop\\book_recommendation\\.venv\\Lib\\site-packages\\jinja2\\constants.py', reloading
2024-09-29 00:58:29,472 - INFO -  * Detected change in 'C:\\Users\\suraj\\Desktop\\book_recommendation\\.venv\\Lib\\site-packages\\jinja2\\debug.py', reloading
2024-09-29 00:58:29,472 - INFO -  * Detected change in 'C:\\Users\\suraj\\Desktop\\book_recommendation\\.venv\\Lib\\site-packages\\jinja2\\debug.py', reloading
2024-09-29 00:58:29,476 - INFO -  * Detected change in 'C:\\Users\\suraj\\Desktop\\book_recommendation\\.venv\\Lib\\site-packages\\jinja2\\defaults.py', reloading
2024-09-29 00:58:30,582 - INFO -  * Restarting with watchdog (windowsapi)
2024-09-29 00:58:36,879 - INFO - KMeans model trained with inertia: 188.50278812923062
2024-09-29 00:58:36,880 - INFO - KMeans model trained with inertia: 188.50278812923062
2024-09-29 00:58:43,180 - INFO - KMeans model logged successfully in MLflow with signature and input example.
2024-09-29 00:58:43,184 - INFO - KMeans model logged successfully in MLflow with signature and input example.
2024-09-29 00:58:43,187 - INFO - Starting the Flask application...
2024-09-29 00:58:43,191 - INFO - Starting the Flask application...
2024-09-29 00:58:43,193 - WARNING -  * Debugger is active!
2024-09-29 00:58:43,196 - WARNING -  * Debugger is active!
2024-09-29 00:58:43,197 - INFO -  * Debugger PIN: 235-496-468
2024-09-29 00:58:43,199 - INFO -  * Debugger PIN: 235-496-468
2024-09-29 22:10:41,930 - INFO - KMeans model trained with inertia: 188.50278812923062
2024-09-29 22:10:46,043 - INFO - KMeans model trained with inertia: 188.50278812923062
2024-09-29 22:10:54,630 - INFO - KMeans model logged successfully in MLflow with signature and input example.
2024-09-29 22:10:54,638 - INFO - Starting the Flask application...
2024-09-29 22:10:54,639 - INFO - KMeans model logged successfully in MLflow with signature and input example.
2024-09-29 22:10:54,645 - INFO - Starting the Flask application...
2024-09-29 22:10:54,657 - INFO - [31m[1mWARNING: This is a development server. Do not use it in a production deployment. Use a production WSGI server instead.[0m
 * Running on http://127.0.0.1:5000
2024-09-29 22:10:54,657 - INFO - [33mPress CTRL+C to quit[0m
2024-09-29 22:10:54,661 - INFO - [31m[1mWARNING: This is a development server. Do not use it in a production deployment. Use a production WSGI server instead.[0m
 * Running on http://127.0.0.1:5000
2024-09-29 22:10:54,661 - INFO - [33mPress CTRL+C to quit[0m
2024-09-29 22:10:54,676 - INFO -  * Restarting with watchdog (windowsapi)
2024-09-29 22:10:54,676 - INFO -  * Restarting with watchdog (windowsapi)
2024-09-29 22:10:58,883 - INFO - KMeans model trained with inertia: 188.50278812923062
2024-09-29 22:10:58,884 - INFO - KMeans model trained with inertia: 188.50278812923062
2024-09-29 22:11:04,944 - INFO - KMeans model logged successfully in MLflow with signature and input example.
2024-09-29 22:11:04,965 - INFO - Starting the Flask application...
2024-09-29 22:11:04,971 - INFO - KMeans model logged successfully in MLflow with signature and input example.
2024-09-29 22:11:04,976 - WARNING -  * Debugger is active!
2024-09-29 22:11:04,986 - INFO - Starting the Flask application...
2024-09-29 22:11:04,993 - WARNING -  * Debugger is active!
2024-09-29 22:11:05,003 - INFO -  * Debugger PIN: 119-629-699
2024-09-29 22:13:00,047 - INFO - KMeans model trained with inertia: 188.50278812923062
2024-09-29 22:13:07,280 - INFO - KMeans model logged successfully in MLflow with signature and input example.
2024-09-29 22:13:07,288 - INFO - Starting the Flask application...
2024-09-29 22:13:07,308 - INFO - [31m[1mWARNING: This is a development server. Do not use it in a production deployment. Use a production WSGI server instead.[0m
 * Running on http://127.0.0.1:5000
2024-09-29 22:13:07,308 - INFO - [33mPress CTRL+C to quit[0m
2024-09-29 22:13:07,325 - INFO -  * Restarting with watchdog (windowsapi)
2024-09-29 22:13:12,000 - INFO - KMeans model trained with inertia: 188.50278812923062
2024-09-29 22:13:17,864 - INFO - KMeans model logged successfully in MLflow with signature and input example.
2024-09-29 22:13:17,870 - INFO - Starting the Flask application...
2024-09-29 22:13:17,877 - WARNING -  * Debugger is active!
2024-09-29 22:13:17,881 - INFO -  * Debugger PIN: 119-629-699
2024-09-30 20:56:37,961 - INFO - KMeans model trained with inertia: 188.50278812923062
2024-09-30 20:56:51,417 - INFO - KMeans model logged successfully in MLflow with signature and input example.
2024-09-30 20:56:51,430 - INFO - Starting the Flask application...
2024-09-30 20:56:51,468 - INFO - [31m[1mWARNING: This is a development server. Do not use it in a production deployment. Use a production WSGI server instead.[0m
 * Running on http://127.0.0.1:5000
2024-09-30 20:56:51,468 - INFO - [33mPress CTRL+C to quit[0m
2024-09-30 20:56:51,495 - INFO -  * Restarting with watchdog (windowsapi)
2024-09-30 20:56:55,930 - INFO - KMeans model trained with inertia: 188.50278812923062
2024-09-30 20:57:02,310 - INFO - KMeans model logged successfully in MLflow with signature and input example.
2024-09-30 20:57:02,318 - INFO - Starting the Flask application...
2024-09-30 20:57:02,324 - WARNING -  * Debugger is active!
2024-09-30 20:57:02,332 - INFO -  * Debugger PIN: 124-425-775
2024-09-30 21:15:20,766 - INFO - KMeans model trained with inertia: 188.50278812923062
2024-09-30 21:15:28,497 - INFO - KMeans model logged successfully in MLflow with signature and input example.
2024-09-30 21:15:28,505 - INFO - Starting the Flask application...
2024-09-30 21:15:28,512 - WARNING -  * Debugger is active!
2024-09-30 21:15:28,517 - INFO -  * Debugger PIN: 124-425-775
2024-09-30 21:15:40,638 - INFO - Book titles fetched successfully.
2024-09-30 21:15:40,639 - INFO - 127.0.0.1 - - [30/Sep/2024 21:15:40] "GET /get_book_titles HTTP/1.1" 200 -
2024-09-30 21:15:42,821 - INFO - 127.0.0.1 - - [30/Sep/2024 21:15:42] "GET / HTTP/1.1" 200 -
2024-09-30 21:15:42,897 - INFO - 127.0.0.1 - - [30/Sep/2024 21:15:42] "[36mGET /static/style.css HTTP/1.1[0m" 304 -
2024-09-30 21:15:44,539 - INFO - Book titles fetched successfully.
2024-09-30 21:15:44,539 - INFO - 127.0.0.1 - - [30/Sep/2024 21:15:44] "GET /get_book_titles HTTP/1.1" 200 -
2024-09-30 21:15:48,402 - INFO - Recommendations for 'Fundamentals of Wavelets' fetched successfully.
2024-09-30 21:15:48,402 - INFO - Recommendations for 'Fundamentals of Wavelets' returned successfully.
2024-09-30 21:15:48,402 - INFO - 127.0.0.1 - - [30/Sep/2024 21:15:48] "GET /recommend?title=Fundamentals%20of%20Wavelets HTTP/1.1" 200 -
2024-09-30 21:18:41,038 - INFO -  * Detected change in 'c:\\Users\\suraj\\Desktop\\book_recommendation\\app.py', reloading
2024-09-30 21:18:41,039 - INFO -  * Detected change in 'c:\\Users\\suraj\\Desktop\\book_recommendation\\app.py', reloading
2024-09-30 21:18:48,055 - INFO - KMeans model trained with inertia: 188.50278812923062
2024-09-30 21:18:55,585 - INFO - KMeans model logged successfully in MLflow with signature and input example.
2024-09-30 21:18:55,594 - INFO - Starting the Flask application...
2024-09-30 21:18:55,605 - WARNING -  * Debugger is active!
2024-09-30 21:18:55,610 - INFO -  * Debugger PIN: 124-425-775
2024-09-30 21:18:56,289 - INFO - Recommendations for 'Data Smart' fetched successfully.
2024-09-30 21:18:56,289 - INFO - Recommendations for 'Data Smart' returned successfully.
2024-09-30 21:18:56,289 - INFO - 127.0.0.1 - - [30/Sep/2024 21:18:56] "GET /recommend?title=Data%20Smart HTTP/1.1" 200 -
2024-09-30 21:18:58,594 - INFO - 127.0.0.1 - - [30/Sep/2024 21:18:58] "GET / HTTP/1.1" 200 -
2024-09-30 21:18:58,675 - INFO - 127.0.0.1 - - [30/Sep/2024 21:18:58] "[36mGET /static/style.css HTTP/1.1[0m" 304 -
2024-09-30 21:19:00,558 - INFO - Book titles fetched successfully.
2024-09-30 21:19:00,558 - INFO - 127.0.0.1 - - [30/Sep/2024 21:19:00] "GET /get_book_titles HTTP/1.1" 200 -
2024-09-30 21:19:04,305 - INFO - Recommendations for 'God Created the Integers' fetched successfully.
2024-09-30 21:19:04,305 - INFO - Recommendations for 'God Created the Integers' returned successfully.
2024-09-30 21:19:04,305 - INFO - 127.0.0.1 - - [30/Sep/2024 21:19:04] "GET /recommend?title=God%20Created%20the%20Integers HTTP/1.1" 200 -
2024-09-30 21:21:18,637 - INFO - Recommendations for 'Superfreakonomics' fetched successfully.
2024-09-30 21:21:18,637 - INFO - Recommendations for 'Superfreakonomics' returned successfully.
2024-09-30 21:21:18,638 - INFO - 127.0.0.1 - - [30/Sep/2024 21:21:18] "GET /recommend?title=Superfreakonomics HTTP/1.1" 200 -
2024-09-30 21:25:38,983 - INFO - Recommendations for 'Drunkard's Walk, The' fetched successfully.
2024-09-30 21:25:38,983 - INFO - Recommendations for 'Drunkard's Walk, The' returned successfully.
2024-09-30 21:25:38,983 - INFO - 127.0.0.1 - - [30/Sep/2024 21:25:38] "GET /recommend?title=Drunkard's%20Walk,%20The HTTP/1.1" 200 -
2024-09-30 21:26:21,907 - INFO - Recommendations for 'How to Think Like Sherlock Holmes' fetched successfully.
2024-09-30 21:26:21,907 - INFO - Recommendations for 'How to Think Like Sherlock Holmes' returned successfully.
2024-09-30 21:26:21,908 - INFO - 127.0.0.1 - - [30/Sep/2024 21:26:21] "GET /recommend?title=How%20to%20Think%20Like%20Sherlock%20Holmes HTTP/1.1" 200 -
2024-09-30 21:28:14,845 - INFO -  * Detected change in 'C:\\Users\\suraj\\AppData\\Local\\Programs\\Python\\Python312\\Lib\\site-packages\\joblib\\numpy_pickle_compat.py', reloading
2024-09-30 21:28:14,885 - INFO -  * Detected change in 'C:\\Users\\suraj\\AppData\\Local\\Programs\\Python\\Python312\\Lib\\site-packages\\joblib\\numpy_pickle_utils.py', reloading
2024-09-30 21:28:15,146 - INFO -  * Detected change in 'C:\\Users\\suraj\\AppData\\Local\\Programs\\Python\\Python312\\Lib\\pickle.py', reloading
2024-09-30 21:28:15,447 - INFO -  * Detected change in 'c:\\Users\\suraj\\Desktop\\book_recommendation\\app.py', reloading
2024-09-30 21:28:15,448 - INFO -  * Detected change in 'c:\\Users\\suraj\\Desktop\\book_recommendation\\app.py', reloading
2024-09-30 21:28:15,469 - INFO -  * Detected change in 'c:\\Users\\suraj\\Desktop\\book_recommendation\\app.py', reloading
2024-09-30 21:28:15,470 - INFO -  * Detected change in 'c:\\Users\\suraj\\Desktop\\book_recommendation\\app.py', reloading
2024-09-30 21:32:59,535 - INFO - KMeans model trained with inertia: 188.50278812923062
2024-09-30 21:33:10,077 - INFO - KMeans model logged successfully in MLflow with signature and input example.
2024-09-30 21:33:10,088 - INFO - Starting the Flask application...
2024-09-30 21:33:10,114 - INFO - [31m[1mWARNING: This is a development server. Do not use it in a production deployment. Use a production WSGI server instead.[0m
 * Running on http://127.0.0.1:5000
2024-09-30 21:33:10,114 - INFO - [33mPress CTRL+C to quit[0m
2024-09-30 21:33:10,147 - INFO -  * Restarting with watchdog (windowsapi)
2024-09-30 21:33:17,369 - INFO - KMeans model trained with inertia: 188.50278812923062
2024-09-30 21:33:28,179 - INFO - KMeans model logged successfully in MLflow with signature and input example.
2024-09-30 21:33:28,192 - INFO - Starting the Flask application...
2024-09-30 21:33:28,203 - WARNING -  * Debugger is active!
2024-09-30 21:33:28,211 - INFO -  * Debugger PIN: 124-425-775
2024-09-30 21:33:28,285 - INFO - Recommendations for 'God Created the Integers' fetched successfully.
2024-09-30 21:33:28,285 - INFO - Recommendations for 'God Created the Integers' returned successfully.
2024-09-30 21:33:28,286 - INFO - 127.0.0.1 - - [30/Sep/2024 21:33:28] "GET /recommend?title=God%20Created%20the%20Integers HTTP/1.1" 200 -
2024-09-30 21:33:28,291 - INFO - Recommendations for 'Data Smart' fetched successfully.
2024-09-30 21:33:28,292 - INFO - Recommendations for 'Data Smart' returned successfully.
2024-09-30 21:33:28,293 - INFO - 127.0.0.1 - - [30/Sep/2024 21:33:28] "GET /recommend?title=Data%20Smart HTTP/1.1" 200 -
2024-09-30 21:33:28,298 - INFO - Recommendations for 'God Created the Integers' fetched successfully.
2024-09-30 21:33:28,299 - INFO - Recommendations for 'God Created the Integers' returned successfully.
2024-09-30 21:33:28,299 - INFO - 127.0.0.1 - - [30/Sep/2024 21:33:28] "GET /recommend?title=God%20Created%20the%20Integers HTTP/1.1" 200 -
2024-09-30 21:33:28,304 - INFO - Recommendations for 'Data Smart' fetched successfully.
2024-09-30 21:33:28,305 - INFO - Recommendations for 'Data Smart' returned successfully.
2024-09-30 21:33:28,305 - INFO - 127.0.0.1 - - [30/Sep/2024 21:33:28] "GET /recommend?title=Data%20Smart HTTP/1.1" 200 -
2024-09-30 21:33:28,312 - INFO - Recommendations for 'Data Smart' fetched successfully.
2024-09-30 21:33:28,313 - INFO - Recommendations for 'Data Smart' returned successfully.
2024-09-30 21:33:28,314 - INFO - 127.0.0.1 - - [30/Sep/2024 21:33:28] "GET /recommend?title=Data%20Smart HTTP/1.1" 200 -
2024-09-30 21:33:28,321 - INFO - Recommendations for 'Data Smart' fetched successfully.
2024-09-30 21:33:28,321 - INFO - Recommendations for 'Data Smart' returned successfully.
2024-09-30 21:33:28,321 - INFO - 127.0.0.1 - - [30/Sep/2024 21:33:28] "GET /recommend?title=Data%20Smart HTTP/1.1" 200 -
2024-09-30 21:33:30,298 - INFO - Recommendations for 'Data Smart' fetched successfully.
2024-09-30 21:33:30,298 - INFO - Recommendations for 'Data Smart' returned successfully.
2024-09-30 21:33:30,298 - INFO - 127.0.0.1 - - [30/Sep/2024 21:33:30] "GET /recommend?title=Data%20Smart HTTP/1.1" 200 -
2024-09-30 21:33:31,531 - INFO - Recommendations for 'Data Smart' fetched successfully.
2024-09-30 21:33:31,532 - INFO - Recommendations for 'Data Smart' returned successfully.
2024-09-30 21:33:31,532 - INFO - 127.0.0.1 - - [30/Sep/2024 21:33:31] "GET /recommend?title=Data%20Smart HTTP/1.1" 200 -
2024-09-30 21:33:31,753 - INFO - Recommendations for 'Data Smart' fetched successfully.
2024-09-30 21:33:31,753 - INFO - Recommendations for 'Data Smart' returned successfully.
2024-09-30 21:33:31,754 - INFO - 127.0.0.1 - - [30/Sep/2024 21:33:31] "GET /recommend?title=Data%20Smart HTTP/1.1" 200 -
2024-09-30 21:33:38,392 - INFO - Recommendations for 'Superfreakonomics' fetched successfully.
2024-09-30 21:33:38,392 - INFO - Recommendations for 'Superfreakonomics' returned successfully.
2024-09-30 21:33:38,393 - INFO - 127.0.0.1 - - [30/Sep/2024 21:33:38] "GET /recommend?title=Superfreakonomics HTTP/1.1" 200 -
2024-09-30 21:35:02,299 - INFO - KMeans model trained with inertia: 188.50278812923062
2024-09-30 21:35:12,288 - INFO - KMeans model logged successfully in MLflow with signature and input example.
2024-09-30 21:35:12,298 - INFO - Starting the Flask application...
2024-09-30 21:35:12,325 - INFO - [31m[1mWARNING: This is a development server. Do not use it in a production deployment. Use a production WSGI server instead.[0m
 * Running on http://127.0.0.1:5000
2024-09-30 21:35:12,325 - INFO - [33mPress CTRL+C to quit[0m
2024-09-30 21:35:12,349 - INFO -  * Restarting with watchdog (windowsapi)
2024-09-30 21:35:19,623 - INFO - KMeans model trained with inertia: 188.50278812923062
2024-09-30 21:35:29,571 - INFO - KMeans model logged successfully in MLflow with signature and input example.
2024-09-30 21:35:29,585 - INFO - Starting the Flask application...
2024-09-30 21:35:29,598 - WARNING -  * Debugger is active!
2024-09-30 21:35:29,605 - INFO -  * Debugger PIN: 124-425-775
2024-09-30 21:35:29,686 - INFO - Recommendations for 'How to Think Like Sherlock Holmes' fetched successfully.
2024-09-30 21:35:29,686 - INFO - Recommendations for 'How to Think Like Sherlock Holmes' returned successfully.
2024-09-30 21:35:29,686 - INFO - 127.0.0.1 - - [30/Sep/2024 21:35:29] "GET /recommend?title=How%20to%20Think%20Like%20Sherlock%20Holmes HTTP/1.1" 200 -
2024-09-30 21:36:23,586 - INFO - Recommendations for 'Superfreakonomics' fetched successfully.
2024-09-30 21:36:23,587 - INFO - Recommendations for 'Superfreakonomics' returned successfully.
2024-09-30 21:36:23,587 - INFO - 127.0.0.1 - - [30/Sep/2024 21:36:23] "GET /recommend?title=Superfreakonomics HTTP/1.1" 200 -
2024-09-30 23:27:17,353 - INFO - KMeans model trained with inertia: 188.50278812923062
2024-09-30 23:27:25,366 - INFO - KMeans model logged successfully in MLflow with signature and input example.
2024-09-30 23:27:25,378 - INFO - Starting the Flask application...
2024-09-30 23:27:25,402 - INFO - [31m[1mWARNING: This is a development server. Do not use it in a production deployment. Use a production WSGI server instead.[0m
 * Running on http://127.0.0.1:80
2024-09-30 23:27:25,402 - INFO - [33mPress CTRL+C to quit[0m
2024-09-30 23:27:25,425 - INFO -  * Restarting with watchdog (windowsapi)
2024-09-30 23:27:28,724 - INFO - KMeans model trained with inertia: 188.50278812923062
2024-09-30 23:27:33,543 - INFO - KMeans model logged successfully in MLflow with signature and input example.
2024-09-30 23:27:33,548 - INFO - Starting the Flask application...
2024-09-30 23:27:33,555 - WARNING -  * Debugger is active!
2024-09-30 23:27:33,560 - INFO -  * Debugger PIN: 124-425-775
2024-09-30 23:28:01,933 - INFO - 127.0.0.1 - - [30/Sep/2024 23:28:01] "GET / HTTP/1.1" 200 -
2024-09-30 23:28:01,993 - INFO - 127.0.0.1 - - [30/Sep/2024 23:28:01] "GET /static/style.css HTTP/1.1" 200 -
2024-09-30 23:28:02,195 - INFO - 127.0.0.1 - - [30/Sep/2024 23:28:02] "[33mGET /favicon.ico HTTP/1.1[0m" 404 -
2024-09-30 23:28:04,382 - INFO - Book titles fetched successfully.
2024-09-30 23:28:04,383 - INFO - 127.0.0.1 - - [30/Sep/2024 23:28:04] "GET /get_book_titles HTTP/1.1" 200 -
2024-09-30 23:28:09,916 - INFO - Recommendations for 'Data Smart' fetched successfully.
2024-09-30 23:28:09,916 - INFO - Recommendations for 'Data Smart' returned successfully.
2024-09-30 23:28:09,916 - INFO - 127.0.0.1 - - [30/Sep/2024 23:28:09] "GET /recommend?title=Data%20Smart HTTP/1.1" 200 -
2024-10-01 12:14:33,290 - INFO - KMeans model trained with inertia: 188.50278812923062
2024-10-01 12:14:48,850 - INFO - KMeans model logged successfully in MLflow with signature and input example.
2024-10-01 12:14:48,858 - INFO - Starting the Flask application...
2024-10-01 12:14:48,884 - INFO - [31m[1mWARNING: This is a development server. Do not use it in a production deployment. Use a production WSGI server instead.[0m
 * Running on http://127.0.0.1:5000
2024-10-01 12:14:48,884 - INFO - [33mPress CTRL+C to quit[0m
2024-10-01 12:14:48,911 - INFO -  * Restarting with watchdog (windowsapi)
2024-10-01 12:14:54,539 - INFO - KMeans model trained with inertia: 188.50278812923062
2024-10-01 12:15:02,141 - INFO - KMeans model logged successfully in MLflow with signature and input example.
2024-10-01 12:15:02,148 - INFO - Starting the Flask application...
2024-10-01 12:15:02,156 - WARNING -  * Debugger is active!
2024-10-01 12:15:02,185 - INFO -  * Debugger PIN: 798-270-168
2024-10-01 12:15:44,615 - INFO -  * Detected change in 'c:\\Users\\suraj\\Desktop\\book_recommendation\\model.py', reloading
2024-10-01 12:15:44,615 - INFO -  * Detected change in 'c:\\Users\\suraj\\Desktop\\book_recommendation\\model.py', reloading
2024-10-01 12:15:44,636 - INFO -  * Detected change in 'c:\\Users\\suraj\\Desktop\\book_recommendation\\model.py', reloading
2024-10-01 12:15:44,638 - INFO -  * Detected change in 'c:\\Users\\suraj\\Desktop\\book_recommendation\\model.py', reloading
2024-10-01 12:15:46,309 - INFO -  * Restarting with watchdog (windowsapi)
2024-10-01 12:15:51,646 - INFO - KMeans model trained with inertia: 188.50278812923062
2024-10-01 12:16:06,992 - INFO - KMeans model trained with inertia: 188.50278812923062
2024-10-01 12:16:13,751 - INFO - KMeans model logged successfully in MLflow.
2024-10-01 12:16:13,759 - INFO - Starting the Flask application...
2024-10-01 12:16:13,777 - INFO - [31m[1mWARNING: This is a development server. Do not use it in a production deployment. Use a production WSGI server instead.[0m
 * Running on http://127.0.0.1:5000
2024-10-01 12:16:13,777 - INFO - [33mPress CTRL+C to quit[0m
2024-10-01 12:16:13,792 - INFO -  * Restarting with watchdog (windowsapi)
2024-10-01 12:16:18,721 - INFO - KMeans model trained with inertia: 188.50278812923062
2024-10-01 12:16:25,323 - INFO - KMeans model logged successfully in MLflow.
2024-10-01 12:16:25,332 - INFO - Starting the Flask application...
2024-10-01 12:16:25,340 - WARNING -  * Debugger is active!
2024-10-01 12:16:25,348 - INFO -  * Debugger PIN: 798-270-168
2024-10-01 12:19:47,571 - INFO -  * Detected change in 'c:\\Users\\suraj\\Desktop\\book_recommendation\\model.py', reloading
2024-10-01 12:19:47,573 - INFO -  * Detected change in 'c:\\Users\\suraj\\Desktop\\book_recommendation\\model.py', reloading
2024-10-01 12:19:47,593 - INFO -  * Detected change in 'c:\\Users\\suraj\\Desktop\\book_recommendation\\model.py', reloading
2024-10-01 12:19:47,594 - INFO -  * Detected change in 'c:\\Users\\suraj\\Desktop\\book_recommendation\\model.py', reloading
2024-10-01 12:19:48,737 - INFO -  * Restarting with watchdog (windowsapi)
